<?xml version="1.0" encoding="UTF-8"?>
<!-- Generated by org.testng.reporters.JUnitReportReporter -->
<testsuite hostname="jbr-PC" name="skillcalculator.service.character.test.CharacterServiceTest" tests="1" failures="0" timestamp="18 Aug 2016 13:17:56 GMT" time="0.241" errors="0">
  <testcase name="characterCreationTest" time="0.241" classname="skillcalculator.service.character.test.CharacterServiceTest"/>
</testsuite> <!-- skillcalculator.service.character.test.CharacterServiceTest -->
