<?xml version="1.0" encoding="UTF-8"?>
<!-- Generated by org.testng.reporters.JUnitReportReporter -->
<testsuite hostname="jbr-PC" name="skillcalculator.domain.test.SimleDBTest" tests="1" failures="0" timestamp="18 Aug 2016 10:58:29 GMT" time="0.100" errors="0">
  <testcase name="createNaruto" time="0.100" classname="skillcalculator.domain.test.SimleDBTest"/>
</testsuite> <!-- skillcalculator.domain.test.SimleDBTest -->
